<?xml version="1.0" encoding="UTF-8"?>
<!-- Generated by org.testng.reporters.JUnitReportReporter -->
<testsuite hostname="IN-PG02NJQL" failures="0" tests="1" name="training.assignment.testcase.CustomerCareTest" time="1.287" errors="0" timestamp="2022-10-07T22:47:46 IST" skipped="0">
  <testcase classname="training.assignment.testcase.CustomerCareTest" name="customerCareTest" time="1.287"/>
  <system-out/>
</testsuite> <!-- training.assignment.testcase.CustomerCareTest -->
