<?xml version="1.0" encoding="UTF-8"?>
<!-- Generated by org.testng.reporters.JUnitReportReporter -->
<testsuite hostname="IN-PG02NJQL" failures="0" tests="1" name="training.assignment.testcase.AddToCartTest" time="3.336" errors="0" timestamp="2022-10-07T22:47:46 IST" skipped="0">
  <testcase classname="training.assignment.testcase.AddToCartTest" name="cartTest" time="3.336"/>
  <system-out/>
</testsuite> <!-- training.assignment.testcase.AddToCartTest -->
