<?xml version="1.0" encoding="UTF-8"?>
<!-- Generated by org.testng.reporters.JUnitReportReporter -->
<testsuite hostname="IN-PG02NJQL" failures="0" tests="1" name="training.assignment.testcase.RemoveItemTest" time="3.657" errors="0" timestamp="2022-10-07T22:47:46 IST" skipped="0">
  <testcase classname="training.assignment.testcase.RemoveItemTest" name="removeItem" time="3.657"/>
  <system-out/>
</testsuite> <!-- training.assignment.testcase.RemoveItemTest -->
