<?xml version="1.0" encoding="UTF-8"?>
<!-- Generated by org.testng.reporters.JUnitReportReporter -->
<testsuite hostname="IN-PG02NJQL" failures="0" tests="1" name="training.assignment.testcase.CartTest" time="9.182" errors="0" timestamp="2022-10-05T16:29:40 IST" skipped="0">
  <testcase classname="training.assignment.testcase.CartTest" name="cartTest" time="9.182"/>
  <system-out/>
</testsuite> <!-- training.assignment.testcase.CartTest -->
