<?xml version="1.0" encoding="UTF-8"?>
<!-- Generated by org.testng.reporters.JUnitReportReporter -->
<testsuite hostname="IN-PG02NJQL" failures="0" tests="1" name="training.assignment.testcase.SellerTest" time="4.928" errors="0" timestamp="2022-10-07T22:47:46 IST" skipped="0">
  <testcase classname="training.assignment.testcase.SellerTest" name="sellerTest" time="4.928"/>
  <system-out/>
</testsuite> <!-- training.assignment.testcase.SellerTest -->
