<?xml version="1.0" encoding="UTF-8"?>
<!-- Generated by org.testng.reporters.JUnitReportReporter -->
<testsuite hostname="IN-PG02NJQL" failures="0" tests="1" name="training.assignment.testcase.CartButtonTest" time="1.665" errors="0" timestamp="2022-10-05T16:33:17 IST" skipped="0">
  <testcase classname="training.assignment.testcase.CartButtonTest" name="CartButton" time="1.665"/>
  <system-out/>
</testsuite> <!-- training.assignment.testcase.CartButtonTest -->
