<?xml version="1.0" encoding="UTF-8"?>
<!-- Generated by org.testng.reporters.JUnitReportReporter -->
<testsuite hostname="IN-PG02NJQL" failures="0" tests="1" name="training.assignment.testcase.SearchTest" time="1.084" errors="0" timestamp="2022-10-07T22:47:46 IST" skipped="0">
  <testcase classname="training.assignment.testcase.SearchTest" name="searchTest" time="1.084"/>
  <system-out/>
</testsuite> <!-- training.assignment.testcase.SearchTest -->
